# JRE version: OpenJDK Runtime Environment Corretto-17.0.5.8.1 (17.0.5+8) (build 17.0.5+8-LTS)
# Java VM: OpenJDK 64-Bit Server VM Corretto-17.0.5.8.1 (17.0.5+8-LTS, mixed mode, sharing, tiered, compressed oops, compressed class ptrs, g1 gc, windows-amd64)
GC Precious Log:
 CPUs: 8 total, 8 available
 Memory: 8025M
 Large Page Support: Disabled
 NUMA Support: Disabled
 Compressed Oops: Enabled (32-bit)
 Heap Region Size: 1M
 Heap Min Capacity: 8M
 Heap Initial Capacity: 126M
 Heap Max Capacity: 2008M
 Pre-touch: Disabled
 Parallel Workers: 8
 Concurrent Workers: 2
 Concurrent Refinement Workers: 8
 Periodic GC: Disabled
Heap:
 garbage-first heap   total 58368K, used 42153K [0x0000000082800000, 0x0000000100000000)
  region size 1024K, 13 young (13312K), 1 survivors (1024K)
 Metaspace       used 72313K, committed 72832K, reserved 1114112K
  class space    used 9617K, committed 9856K, reserved 1048576K
GC Heap History (20 events):
Event: 15.412 GC heap before
{Heap before GC invocations=13 (full 0):
 garbage-first heap   total 48128K, used 38462K [0x0000000082800000, 0x0000000100000000)
  region size 1024K, 19 young (19456K), 2 survivors (2048K)
 Metaspace       used 52333K, committed 52736K, reserved 1097728K
  class space    used 7049K, committed 7232K, reserved 1048576K
}
Event: 15.417 GC heap after
{Heap after GC invocations=14 (full 0):
 garbage-first heap   total 48128K, used 22255K [0x0000000082800000, 0x0000000100000000)
  region size 1024K, 3 young (3072K), 3 survivors (3072K)
 Metaspace       used 52333K, committed 52736K, reserved 1097728K
  class space    used 7049K, committed 7232K, reserved 1048576K
}
Event: 15.819 GC heap before
{Heap before GC invocations=14 (full 0):
 garbage-first heap   total 48128K, used 36591K [0x0000000082800000, 0x0000000100000000)
  region size 1024K, 18 young (18432K), 3 survivors (3072K)
 Metaspace       used 53850K, committed 54272K, reserved 1097728K
  class space    used 7263K, committed 7424K, reserved 1048576K
}
Event: 15.823 GC heap after
{Heap after GC invocations=15 (full 0):
 garbage-first heap   total 48128K, used 22906K [0x0000000082800000, 0x0000000100000000)
  region size 1024K, 3 young (3072K), 3 survivors (3072K)
 Metaspace       used 53850K, committed 54272K, reserved 1097728K
  class space    used 7263K, committed 7424K, reserved 1048576K
}
Event: 16.083 GC heap before
{Heap before GC invocations=15 (full 0):
 garbage-first heap   total 48128K, used 38266K [0x0000000082800000, 0x0000000100000000)
  region size 1024K, 18 young (18432K), 3 survivors (3072K)
 Metaspace       used 54066K, committed 54528K, reserved 1097728K
  class space    used 7288K, committed 7488K, reserved 1048576K
}
Event: 16.087 GC heap after
{Heap after GC invocations=16 (full 0):
 garbage-first heap   total 48128K, used 23312K [0x0000000082800000, 0x0000000100000000)
  region size 1024K, 2 young (2048K), 2 survivors (2048K)
 Metaspace       used 54066K, committed 54528K, reserved 1097728K
  class space    used 7288K, committed 7488K, reserved 1048576K
}
Event: 16.758 GC heap before
{Heap before GC invocations=16 (full 0):
 garbage-first heap   total 48128K, used 37648K [0x0000000082800000, 0x0000000100000000)
  region size 1024K, 17 young (17408K), 2 survivors (2048K)
 Metaspace       used 56181K, committed 56640K, reserved 1105920K
  class space    used 7589K, committed 7808K, reserved 1048576K
}
Event: 16.762 GC heap after
{Heap after GC invocations=17 (full 0):
 garbage-first heap   total 58368K, used 24449K [0x0000000082800000, 0x0000000100000000)
  region size 1024K, 3 young (3072K), 3 survivors (3072K)
 Metaspace       used 56181K, committed 56640K, reserved 1105920K
  class space    used 7589K, committed 7808K, reserved 1048576K
}
Event: 17.533 GC heap before
{Heap before GC invocations=18 (full 0):
 garbage-first heap   total 58368K, used 46977K [0x0000000082800000, 0x0000000100000000)
  region size 1024K, 25 young (25600K), 3 survivors (3072K)
 Metaspace       used 58301K, committed 58752K, reserved 1105920K
  class space    used 7984K, committed 8192K, reserved 1048576K
}
Event: 17.537 GC heap after
{Heap after GC invocations=19 (full 0):
 garbage-first heap   total 58368K, used 26663K [0x0000000082800000, 0x0000000100000000)
  region size 1024K, 4 young (4096K), 4 survivors (4096K)
 Metaspace       used 58301K, committed 58752K, reserved 1105920K
  class space    used 7984K, committed 8192K, reserved 1048576K
}
Event: 17.571 GC heap before
{Heap before GC invocations=19 (full 0):
 garbage-first heap   total 58368K, used 27687K [0x0000000082800000, 0x0000000100000000)
  region size 1024K, 5 young (5120K), 4 survivors (4096K)
 Metaspace       used 58366K, committed 58880K, reserved 1105920K
  class space    used 7992K, committed 8256K, reserved 1048576K
}
Event: 17.577 GC heap after
{Heap after GC invocations=20 (full 0):
 garbage-first heap   total 58368K, used 26835K [0x0000000082800000, 0x0000000100000000)
  region size 1024K, 1 young (1024K), 1 survivors (1024K)
 Metaspace       used 58366K, committed 58880K, reserved 1105920K
  class space    used 7992K, committed 8256K, reserved 1048576K
}
Event: 28.845 GC heap before
{Heap before GC invocations=20 (full 0):
 garbage-first heap   total 58368K, used 45267K [0x0000000082800000, 0x0000000100000000)
  region size 1024K, 20 young (20480K), 1 survivors (1024K)
 Metaspace       used 62844K, committed 63360K, reserved 1105920K
  class space    used 8511K, committed 8768K, reserved 1048576K
}
Event: 28.854 GC heap after
{Heap after GC invocations=21 (full 0):
 garbage-first heap   total 58368K, used 28672K [0x0000000082800000, 0x0000000100000000)
  region size 1024K, 3 young (3072K), 3 survivors (3072K)
 Metaspace       used 62844K, committed 63360K, reserved 1105920K
  class space    used 8511K, committed 8768K, reserved 1048576K
}
Event: 30.464 GC heap before
{Heap before GC invocations=22 (full 0):
 garbage-first heap   total 58368K, used 45056K [0x0000000082800000, 0x0000000100000000)
  region size 1024K, 20 young (20480K), 3 survivors (3072K)
 Metaspace       used 69040K, committed 69568K, reserved 1114112K
  class space    used 9303K, committed 9536K, reserved 1048576K
}
Event: 30.468 GC heap after
{Heap after GC invocations=23 (full 0):
 garbage-first heap   total 58368K, used 30108K [0x0000000082800000, 0x0000000100000000)
  region size 1024K, 2 young (2048K), 2 survivors (2048K)
 Metaspace       used 69040K, committed 69568K, reserved 1114112K
  class space    used 9303K, committed 9536K, reserved 1048576K
}
Event: 58.227 GC heap before
{Heap before GC invocations=23 (full 0):
 garbage-first heap   total 58368K, used 46492K [0x0000000082800000, 0x0000000100000000)
  region size 1024K, 18 young (18432K), 2 survivors (2048K)
 Metaspace       used 71461K, committed 72000K, reserved 1114112K
  class space    used 9600K, committed 9856K, reserved 1048576K
}
Event: 58.234 GC heap after
{Heap after GC invocations=24 (full 0):
 garbage-first heap   total 58368K, used 30809K [0x0000000082800000, 0x0000000100000000)
  region size 1024K, 3 young (3072K), 3 survivors (3072K)
 Metaspace       used 71461K, committed 72000K, reserved 1114112K
  class space    used 9600K, committed 9856K, reserved 1048576K
}
Event: 19465.701 GC heap before
{Heap before GC invocations=25 (full 0):
 garbage-first heap   total 58368K, used 47193K [0x0000000082800000, 0x0000000100000000)
  region size 1024K, 19 young (19456K), 3 survivors (3072K)
 Metaspace       used 72141K, committed 72640K, reserved 1114112K
  class space    used 9617K, committed 9856K, reserved 1048576K
}
Event: 19465.960 GC heap after
{Heap after GC invocations=26 (full 0):
 garbage-first heap   total 58368K, used 30889K [0x0000000082800000, 0x0000000100000000)
  region size 1024K, 1 young (1024K), 1 survivors (1024K)
 Metaspace       used 72141K, committed 72640K, reserved 1114112K
  class space    used 9617K, committed 9856K, reserved 1048576K
}

